Compiling the C compiler identification source file "CMakeCCompilerId.c" failed.
Compiler: /usr/bin/cc 
Build flags: 
Id flags:  

The output was:
1
CMakeCCompilerId.c:597:1: fatal error: error closing /tmp/cc5lsjRh.s: No space left on device
 }
 ^
compilation terminated.


Compiling the C compiler identification source file "CMakeCCompilerId.c" failed.
Compiler: /usr/bin/cc 
Build flags: 
Id flags: -c 

The output was:
1
CMakeCCompilerId.c:597:1: fatal error: error closing /tmp/ccosEt0k.s: No space left on device
 }
 ^
compilation terminated.


Compiling the C compiler identification source file "CMakeCCompilerId.c" failed.
Compiler: /usr/bin/cc 
Build flags: 
Id flags: -Aa 

The output was:
1
<command-line>:0:1: error: missing '(' after predicate
CMakeCCompilerId.c:597:1: fatal error: error closing /tmp/ccM6tzFk.s: No space left on device
 }
 ^
compilation terminated.


Compiling the C compiler identification source file "CMakeCCompilerId.c" failed.
Compiler: /usr/bin/cc 
Build flags: 
Id flags: -D__CLASSIC_C__ 

The output was:
1
CMakeCCompilerId.c:597:1: fatal error: error closing /tmp/ccJ6f4jo.s: No space left on device
 }
 ^
compilation terminated.


Compiling the C compiler identification source file "CMakeCCompilerId.c" failed.
Compiler: /usr/bin/cc 
Build flags: 
Id flags:  

The output was:
1
CMakeCCompilerId.c:597:1: fatal error: error closing /tmp/ccvafdxq.s: No space left on device
 }
 ^
compilation terminated.


Compiling the C compiler identification source file "CMakeCCompilerId.c" failed.
Compiler: /usr/bin/cc 
Build flags: 
Id flags: -c 

The output was:
1
CMakeCCompilerId.c:597:1: fatal error: error closing /tmp/ccMvHKtt.s: No space left on device
 }
 ^
compilation terminated.


Compiling the C compiler identification source file "CMakeCCompilerId.c" failed.
Compiler: /usr/bin/cc 
Build flags: 
Id flags: -Aa 

The output was:
1
<command-line>:0:1: error: missing '(' after predicate
CMakeCCompilerId.c:597:1: fatal error: error closing /tmp/ccWa3ufv.s: No space left on device
 }
 ^
compilation terminated.


Compiling the C compiler identification source file "CMakeCCompilerId.c" failed.
Compiler: /usr/bin/cc 
Build flags: 
Id flags: -D__CLASSIC_C__ 

The output was:
1
CMakeCCompilerId.c:597:1: fatal error: error closing /tmp/ccqP6APu.s: No space left on device
 }
 ^
compilation terminated.


Checking whether the C compiler is IAR using "" did not match "IAR .+ Compiler":
cc: fatal error: no input files
compilation terminated.
Checking whether the C compiler is IAR using "" did not match "IAR .+ Compiler":
cc: fatal error: no input files
compilation terminated.
Compiling the CXX compiler identification source file "CMakeCXXCompilerId.cpp" failed.
Compiler: /usr/bin/c++ 
Build flags: 
Id flags:  

The output was:
1
CMakeCXXCompilerId.cpp:576:1: fatal error: error closing /tmp/ccVHx8Vz.s: No space left on device
 }
 ^
compilation terminated.


Compiling the CXX compiler identification source file "CMakeCXXCompilerId.cpp" failed.
Compiler: /usr/bin/c++ 
Build flags: 
Id flags: -c 

The output was:
1
CMakeCXXCompilerId.cpp:576:1: fatal error: error closing /tmp/cclzcjmz.s: No space left on device
 }
 ^
compilation terminated.


Compiling the CXX compiler identification source file "CMakeCXXCompilerId.cpp" failed.
Compiler: /usr/bin/c++ 
Build flags: 
Id flags: --c++ 

The output was:
1
c++: error: unrecognized command line option ‘--c++’


Compiling the CXX compiler identification source file "CMakeCXXCompilerId.cpp" failed.
Compiler: /usr/bin/c++ 
Build flags: 
Id flags: --ec++ 

The output was:
1
c++: error: unrecognized command line option ‘--ec++’; did you mean ‘-Weffc++’?


Compiling the CXX compiler identification source file "CMakeCXXCompilerId.cpp" failed.
Compiler: /usr/bin/c++ 
Build flags: 
Id flags:  

The output was:
1
CMakeCXXCompilerId.cpp:576:1: fatal error: error closing /tmp/cckgL7EF.s: No space left on device
 }
 ^
compilation terminated.


Compiling the CXX compiler identification source file "CMakeCXXCompilerId.cpp" failed.
Compiler: /usr/bin/c++ 
Build flags: 
Id flags: -c 

The output was:
1
CMakeCXXCompilerId.cpp:576:1: fatal error: error closing /tmp/ccfYLpEH.s: No space left on device
 }
 ^
compilation terminated.


Compiling the CXX compiler identification source file "CMakeCXXCompilerId.cpp" failed.
Compiler: /usr/bin/c++ 
Build flags: 
Id flags: --c++ 

The output was:
1
c++: error: unrecognized command line option ‘--c++’


Compiling the CXX compiler identification source file "CMakeCXXCompilerId.cpp" failed.
Compiler: /usr/bin/c++ 
Build flags: 
Id flags: --ec++ 

The output was:
1
c++: error: unrecognized command line option ‘--ec++’; did you mean ‘-Weffc++’?


Checking whether the CXX compiler is IAR using "" did not match "IAR .+ Compiler":
c++: fatal error: no input files
compilation terminated.
Checking whether the CXX compiler is IAR using "" did not match "IAR .+ Compiler":
c++: fatal error: no input files
compilation terminated.
Determining if the C compiler works failed with the following output:
Change Dir: /media/sf_GemeinsamerOrdner/ErzeugerVerbraucherLocks/CMakeFiles/CMakeTmp

Run Build Command:"/usr/bin/make" "cmTC_2650c/fast"
/usr/bin/make -f CMakeFiles/cmTC_2650c.dir/build.make CMakeFiles/cmTC_2650c.dir/build
make[1]: Entering directory '/media/sf_GemeinsamerOrdner/ErzeugerVerbraucherLocks/CMakeFiles/CMakeTmp'
Building C object CMakeFiles/cmTC_2650c.dir/testCCompiler.c.o
/usr/bin/cc    -o CMakeFiles/cmTC_2650c.dir/testCCompiler.c.o   -c /media/sf_GemeinsamerOrdner/ErzeugerVerbraucherLocks/CMakeFiles/CMakeTmp/testCCompiler.c
/media/sf_GemeinsamerOrdner/ErzeugerVerbraucherLocks/CMakeFiles/CMakeTmp/testCCompiler.c:11:1: fatal error: error closing /tmp/ccC7A9TT.s: No space left on device
 { (void)argv; return argc-1;}
 ^
compilation terminated.
CMakeFiles/cmTC_2650c.dir/build.make:65: recipe for target 'CMakeFiles/cmTC_2650c.dir/testCCompiler.c.o' failed
make[1]: *** [CMakeFiles/cmTC_2650c.dir/testCCompiler.c.o] Error 1
make[1]: Leaving directory '/media/sf_GemeinsamerOrdner/ErzeugerVerbraucherLocks/CMakeFiles/CMakeTmp'
Makefile:126: recipe for target 'cmTC_2650c/fast' failed
make: *** [cmTC_2650c/fast] Error 2


Compiling the C compiler identification source file "CMakeCCompilerId.c" failed.
Compiler: /usr/bin/cc 
Build flags: 
Id flags:  

The output was:
1
CMakeCCompilerId.c:597:1: fatal error: error closing /tmp/ccImwfV7.s: No space left on device
 }
 ^
compilation terminated.


Compiling the C compiler identification source file "CMakeCCompilerId.c" failed.
Compiler: /usr/bin/cc 
Build flags: 
Id flags: -c 

The output was:
1
CMakeCCompilerId.c:597:1: fatal error: error closing /tmp/ccq8WKK9.s: No space left on device
 }
 ^
compilation terminated.


Compiling the C compiler identification source file "CMakeCCompilerId.c" failed.
Compiler: /usr/bin/cc 
Build flags: 
Id flags: -Aa 

The output was:
1
<command-line>:0:1: error: missing '(' after predicate
CMakeCCompilerId.c:597:1: fatal error: error closing /tmp/ccQkSoo9.s: No space left on device
 }
 ^
compilation terminated.


Compiling the C compiler identification source file "CMakeCCompilerId.c" failed.
Compiler: /usr/bin/cc 
Build flags: 
Id flags: -D__CLASSIC_C__ 

The output was:
1
CMakeCCompilerId.c:597:1: fatal error: error closing /tmp/ccPMSxTc.s: No space left on device
 }
 ^
compilation terminated.


Compiling the C compiler identification source file "CMakeCCompilerId.c" failed.
Compiler: /usr/bin/cc 
Build flags: 
Id flags:  

The output was:
1
CMakeCCompilerId.c:597:1: fatal error: error closing /tmp/ccIzW3Cb.s: No space left on device
 }
 ^
compilation terminated.


Compiling the C compiler identification source file "CMakeCCompilerId.c" failed.
Compiler: /usr/bin/cc 
Build flags: 
Id flags: -c 

The output was:
1
CMakeCCompilerId.c:597:1: fatal error: error closing /tmp/ccY9kD7e.s: No space left on device
 }
 ^
compilation terminated.


Compiling the C compiler identification source file "CMakeCCompilerId.c" failed.
Compiler: /usr/bin/cc 
Build flags: 
Id flags: -Aa 

The output was:
1
<command-line>:0:1: error: missing '(' after predicate
CMakeCCompilerId.c:597:1: fatal error: error closing /tmp/ccy7BxUd.s: No space left on device
 }
 ^
compilation terminated.


Compiling the C compiler identification source file "CMakeCCompilerId.c" failed.
Compiler: /usr/bin/cc 
Build flags: 
Id flags: -D__CLASSIC_C__ 

The output was:
1
CMakeCCompilerId.c:597:1: fatal error: error closing /tmp/cc7cZqyh.s: No space left on device
 }
 ^
compilation terminated.


Checking whether the C compiler is IAR using "" did not match "IAR .+ Compiler":
cc: fatal error: no input files
compilation terminated.
Checking whether the C compiler is IAR using "" did not match "IAR .+ Compiler":
cc: fatal error: no input files
compilation terminated.
Compiling the CXX compiler identification source file "CMakeCXXCompilerId.cpp" failed.
Compiler: /usr/bin/c++ 
Build flags: 
Id flags:  

The output was:
1
CMakeCXXCompilerId.cpp:576:1: fatal error: error closing /tmp/ccIfbq2j.s: No space left on device
 }
 ^
compilation terminated.


Compiling the CXX compiler identification source file "CMakeCXXCompilerId.cpp" failed.
Compiler: /usr/bin/c++ 
Build flags: 
Id flags: -c 

The output was:
1
CMakeCXXCompilerId.cpp:576:1: fatal error: error closing /tmp/ccOLBuNm.s: No space left on device
 }
 ^
compilation terminated.


Compiling the CXX compiler identification source file "CMakeCXXCompilerId.cpp" failed.
Compiler: /usr/bin/c++ 
Build flags: 
Id flags: --c++ 

The output was:
1
c++: error: unrecognized command line option ‘--c++’


Compiling the CXX compiler identification source file "CMakeCXXCompilerId.cpp" failed.
Compiler: /usr/bin/c++ 
Build flags: 
Id flags: --ec++ 

The output was:
1
c++: error: unrecognized command line option ‘--ec++’; did you mean ‘-Weffc++’?


Compiling the CXX compiler identification source file "CMakeCXXCompilerId.cpp" failed.
Compiler: /usr/bin/c++ 
Build flags: 
Id flags:  

The output was:
1
CMakeCXXCompilerId.cpp:576:1: fatal error: error closing /tmp/cc8vrhho.s: No space left on device
 }
 ^
compilation terminated.


Compiling the CXX compiler identification source file "CMakeCXXCompilerId.cpp" failed.
Compiler: /usr/bin/c++ 
Build flags: 
Id flags: -c 

The output was:
1
CMakeCXXCompilerId.cpp:576:1: fatal error: error closing /tmp/cc4DBMBr.s: No space left on device
 }
 ^
compilation terminated.


Compiling the CXX compiler identification source file "CMakeCXXCompilerId.cpp" failed.
Compiler: /usr/bin/c++ 
Build flags: 
Id flags: --c++ 

The output was:
1
c++: error: unrecognized command line option ‘--c++’


Compiling the CXX compiler identification source file "CMakeCXXCompilerId.cpp" failed.
Compiler: /usr/bin/c++ 
Build flags: 
Id flags: --ec++ 

The output was:
1
c++: error: unrecognized command line option ‘--ec++’; did you mean ‘-Weffc++’?


Checking whether the CXX compiler is IAR using "" did not match "IAR .+ Compiler":
c++: fatal error: no input files
compilation terminated.
Checking whether the CXX compiler is IAR using "" did not match "IAR .+ Compiler":
c++: fatal error: no input files
compilation terminated.
Determining if the C compiler works failed with the following output:
Change Dir: /media/sf_GemeinsamerOrdner/ErzeugerVerbraucherLocks/CMakeFiles/CMakeTmp

Run Build Command:"/usr/bin/make" "cmTC_f34c4/fast"
/usr/bin/make -f CMakeFiles/cmTC_f34c4.dir/build.make CMakeFiles/cmTC_f34c4.dir/build
make[1]: Entering directory '/media/sf_GemeinsamerOrdner/ErzeugerVerbraucherLocks/CMakeFiles/CMakeTmp'
Building C object CMakeFiles/cmTC_f34c4.dir/testCCompiler.c.o
/usr/bin/cc    -o CMakeFiles/cmTC_f34c4.dir/testCCompiler.c.o   -c /media/sf_GemeinsamerOrdner/ErzeugerVerbraucherLocks/CMakeFiles/CMakeTmp/testCCompiler.c
/media/sf_GemeinsamerOrdner/ErzeugerVerbraucherLocks/CMakeFiles/CMakeTmp/testCCompiler.c:11:1: fatal error: error closing /tmp/ccpnXhFA.s: No space left on device
 { (void)argv; return argc-1;}
 ^
compilation terminated.
CMakeFiles/cmTC_f34c4.dir/build.make:65: recipe for target 'CMakeFiles/cmTC_f34c4.dir/testCCompiler.c.o' failed
make[1]: *** [CMakeFiles/cmTC_f34c4.dir/testCCompiler.c.o] Error 1
make[1]: Leaving directory '/media/sf_GemeinsamerOrdner/ErzeugerVerbraucherLocks/CMakeFiles/CMakeTmp'
Makefile:126: recipe for target 'cmTC_f34c4/fast' failed
make: *** [cmTC_f34c4/fast] Error 2


